<?xml version="1.0" encoding="utf-8" standalone="no"?>
<test-results xmlns:xsi="http://www.w3.org/2001/XMLSchema-instance" xsi:noNamespaceSchemaLocation="nunit_schema_2.5.xsd" name="Pester" total="7" errors="0" failures="0" not-run="0" inconclusive="0" ignored="0" skipped="0" invalid="0" date="2019-06-02" time="04:49:45">
  <environment user="appveyor" machine-name="APPVYR-WIN" cwd="C:\projects\DataCenterBridging" user-domain="APPVYR-WIN" platform="Microsoft Windows Server 2012 R2 Datacenter|C:\windows|\Device\Harddisk0\Partition5" nunit-version="2.5.8.0" os-version="6.3.9600" clr-version="4.0.30319.42000" />
  <culture-info current-culture="en-US" current-uiculture="en-US" />
  <test-suite type="TestFixture" name="Pester" executed="True" result="Success" success="True" time="1.1059" asserts="0" description="Pester">
    <results>
      <test-suite type="TestFixture" name="C:\projects\DataCenterBridging\tests\unit\unit.tests.ps1" executed="True" result="Success" success="True" time="1.1059" asserts="0" description="C:\projects\DataCenterBridging\tests\unit\unit.tests.ps1">
        <results>
          <test-suite type="TestFixture" name="c:\projects\DataCenterBridging-Manifest" executed="True" result="Success" success="True" time="0.8925" asserts="0" description="c:\projects\DataCenterBridging-Manifest">
            <results>
              <test-suite type="TestFixture" name="Validation" executed="True" result="Success" success="True" time="0.6633" asserts="0" description="Validation">
                <results>
                  <test-case description="[Import-PowerShellDataFile] - DataCenterBridging.psd1 is a valid PowerShell Data File" name="c:\projects\DataCenterBridging-Manifest.Validation.[Import-PowerShellDataFile] - DataCenterBridging.psd1 is a valid PowerShell Data File" time="0.1687" asserts="0" success="True" result="Success" executed="True" />
                  <test-case description="[Test-ModuleManifest] - DataCenterBridging.psd1 should pass the basic test" name="c:\projects\DataCenterBridging-Manifest.Validation.[Test-ModuleManifest] - DataCenterBridging.psd1 should pass the basic test" time="0.0068" asserts="0" success="True" result="Success" executed="True" />
                  <test-case description="Should have exported the DSC Resource: DCBNetQosFlowControl" name="c:\projects\DataCenterBridging-Manifest.Validation.Should have exported the DSC Resource: DCBNetQosFlowControl" time="0.0765" asserts="0" success="True" result="Success" executed="True" />
                  <test-case description="Should have exported the DSC Resource: DCBNetAdapterQos" name="c:\projects\DataCenterBridging-Manifest.Validation.Should have exported the DSC Resource: DCBNetAdapterQos" time="0.0026" asserts="0" success="True" result="Success" executed="True" />
                  <test-case description="Should have exported the DSC Resource: DCBNetQosDcbxSetting" name="c:\projects\DataCenterBridging-Manifest.Validation.Should have exported the DSC Resource: DCBNetQosDcbxSetting" time="0.0026" asserts="0" success="True" result="Success" executed="True" />
                  <test-case description="Should have exported the DSC Resource: DCBNetQosTrafficClass" name="c:\projects\DataCenterBridging-Manifest.Validation.Should have exported the DSC Resource: DCBNetQosTrafficClass" time="0.0024" asserts="0" success="True" result="Success" executed="True" />
                  <test-case description="Should have exported the DSC Resource: DCBNetQosPolicy" name="c:\projects\DataCenterBridging-Manifest.Validation.Should have exported the DSC Resource: DCBNetQosPolicy" time="0.0024" asserts="0" success="True" result="Success" executed="True" />
                </results>
              </test-suite>
            </results>
          </test-suite>
        </results>
      </test-suite>
    </results>
  </test-suite>
</test-results>